{
  "RSpec": {
    "coverage": {
    },
    "timestamp": 1430843688
  },
  "Cucumber Features": {
    "coverage": {
      "/home/ezequiel/katas-eis/battleship/app/models/Board.rb": [
        1,
        null,
        1,
        null,
        1,
        1,
        1,
        null,
        1,
        5,
        5,
        30,
        null,
        null,
        null,
        1,
        1,
        null,
        null,
        null,
        1,
        4,
        4,
        4,
        null,
        null,
        null,
        1,
        3,
        null,
        null,
        null,
        1,
        4,
        null,
        null,
        null
      ],
      "/home/ezequiel/katas-eis/battleship/app/models/BattleshipBoardElement.rb": [
        1,
        null,
        1,
        1,
        0,
        null,
        null,
        null,
        1,
        null,
        1,
        25,
        null,
        null,
        1,
        1,
        null,
        null,
        null,
        null,
        1,
        null,
        1,
        null,
        1,
        9,
        9,
        null,
        null,
        1,
        3,
        null,
        null,
        null,
        null,
        1,
        null,
        1,
        0,
        null,
        null,
        null,
        null,
        1,
        null,
        1,
        null,
        1,
        2,
        2,
        1,
        null,
        1,
        null,
        null,
        null,
        null,
        null,
        1,
        null,
        1,
        null,
        1,
        1,
        1,
        0,
        null,
        1,
        null,
        null,
        null,
        null,
        null,
        1,
        null,
        null,
        1,
        4,
        4,
        4,
        4,
        4,
        null,
        null,
        null
      ]
    },
    "timestamp": 1430843691
  }
}
