{
  "RSpec": {
    "coverage": {
    },
    "timestamp": 1430888517
  },
  "Cucumber Features": {
    "coverage": {
      "/home/ezequiel/katas-eis/battleship/app/models/Board.rb": [
        1,
        null,
        1,
        null,
        null,
        null,
        1,
        null,
        1,
        7,
        7,
        217,
        null,
        null,
        null,
        1,
        1,
        1,
        null,
        null,
        null,
        1,
        1,
        0,
        null,
        null,
        null,
        null,
        1,
        7,
        6,
        6,
        6,
        null,
        null,
        null,
        1,
        7,
        1,
        null,
        null,
        null,
        null,
        1,
        18,
        null,
        null,
        null,
        1,
        5,
        4,
        null,
        null,
        null,
        1,
        5,
        1,
        null,
        null,
        null,
        null,
        1,
        5,
        9,
        null,
        null,
        null
      ],
      "/home/ezequiel/katas-eis/battleship/app/models/BattleshipBoardElement.rb": [
        1,
        null,
        null,
        null,
        1,
        null,
        null,
        1,
        0,
        null,
        null,
        null,
        null,
        1,
        null,
        1,
        175,
        null,
        null,
        1,
        1,
        null,
        null,
        null,
        null,
        1,
        null,
        1,
        null,
        1,
        13,
        13,
        null,
        null,
        1,
        3,
        null,
        null,
        null,
        null,
        1,
        null,
        1,
        0,
        0,
        null,
        null,
        null,
        null,
        1,
        null,
        1,
        null,
        1,
        3,
        3,
        1,
        null,
        2,
        null,
        null,
        null,
        null,
        null,
        1,
        null,
        null,
        1,
        6,
        6,
        6,
        6,
        6,
        null,
        null,
        null
      ]
    },
    "timestamp": 1430888519
  }
}
